<?xml version="1.0" encoding="UTF-8"?>
<testng-results skipped="0" failed="0" ignored="0" total="0" passed="0">
  <reporter-output>
  </reporter-output>
  <suite name="BVC" duration-ms="190" started-at="2025-03-27T10:10:51 IST" finished-at="2025-03-27T10:10:51 IST">
    <groups>
      <group name="cucumber">
        <method signature="AbstractTestNGCucumberTests.runScenario(io.cucumber.testng.PickleWrapper,io.cucumber.testng.FeatureWrapper)[pri:0, instance:com.test.ram.testRunner@7a187f14]" name="runScenario" class="io.cucumber.testng.AbstractTestNGCucumberTests"/>
      </group> <!-- cucumber -->
    </groups>
    <test name="SmokeTestFF" duration-ms="190" started-at="2025-03-27T10:10:51 IST" finished-at="2025-03-27T10:10:51 IST">
      <class name="com.test.ram.testRunner">
        <test-method status="PASS" signature="setUpClass(org.testng.ITestContext)[pri:0, instance:com.test.ram.testRunner@7a187f14]" name="setUpClass" is-config="true" duration-ms="165" started-at="2025-03-27T10:10:51 IST" finished-at="2025-03-27T10:10:51 IST">
          <params>
            <param index="0">
              <value>
                <![CDATA[org.testng.TestRunner@5b239d7d]]>
              </value>
            </param>
          </params>
          <reporter-output>
          </reporter-output>
        </test-method> <!-- setUpClass -->
        <test-method status="PASS" signature="tearDownClass()[pri:0, instance:com.test.ram.testRunner@7a187f14]" name="tearDownClass" is-config="true" duration-ms="0" started-at="2025-03-27T10:10:51 IST" finished-at="2025-03-27T10:10:51 IST">
          <reporter-output>
          </reporter-output>
        </test-method> <!-- tearDownClass -->
      </class> <!-- com.test.ram.testRunner -->
    </test> <!-- SmokeTestFF -->
  </suite> <!-- BVC -->
</testng-results>
